<?xml version="1.0" encoding="UTF-8"?>
<testsuite xmlns:xsi="http://www.w3.org/2001/XMLSchema-instance" xsi:noNamespaceSchemaLocation="https://maven.apache.org/surefire/maven-surefire-plugin/xsd/surefire-test-report-3.0.xsd" version="3.0" name="TestSuite" time="1.902" tests="4" errors="0" skipped="1" failures="3">
  <properties>
[...]
</properties>
  <testcase name="TestCase1[org.testng.TestRunner@338ff484](1)" classname="testRunnerFile.TestRunnerForVehicleInsurance" time="0.906">
    <failure message="userdefinedExceptions.TestCaseOrFlagNotFoundException: Either Test Case Name is not matching or Flag is not set as Y" type="java.lang.RuntimeException"><![CDATA[java.lang.RuntimeException: userdefinedExceptions.TestCaseOrFlagNotFoundException: Either Test Case Name is not matching or Flag is not set as Y
	at testRunnerFile.TestRunnerForVehicleInsurance.TestCase1(TestRunnerForVehicleInsurance.java:40)
	at java.base/jdk.internal.reflect.NativeMethodAccessorImpl.invoke0(Native Method)
	at java.base/jdk.internal.reflect.NativeMethodAccessorImpl.invoke(NativeMethodAccessorImpl.java:77)
	at java.base/jdk.internal.reflect.DelegatingMethodAccessorImpl.invoke(DelegatingMethodAccessorImpl.java:43)
	at java.base/java.lang.reflect.Method.invoke(Method.java:568)
	at org.testng.internal.invokers.MethodInvocationHelper.invokeMethod(MethodInvocationHelper.java:141)
	at org.testng.internal.invokers.TestInvoker.invokeMethod(TestInvoker.java:686)
	at org.testng.internal.invokers.TestInvoker.invokeTestMethod(TestInvoker.java:230)
	at org.testng.internal.invokers.MethodRunner.runInSequence(MethodRunner.java:63)
	at org.testng.internal.invokers.TestInvoker$MethodInvocationAgent.invoke(TestInvoker.java:992)
	at org.testng.internal.invokers.TestInvoker.invokeTestMethods(TestInvoker.java:203)
	at org.testng.internal.invokers.TestMethodWorker.invokeTestMethods(TestMethodWorker.java:154)
	at org.testng.internal.invokers.TestMethodWorker.run(TestMethodWorker.java:134)
	at java.base/java.util.concurrent.Executors$RunnableAdapter.call(Executors.java:539)
	at java.base/java.util.concurrent.FutureTask.run(FutureTask.java:264)
	at org.testng.internal.thread.graph.TestNGFutureTask.run(TestNGFutureTask.java:22)
	at java.base/java.util.concurrent.ThreadPoolExecutor.runWorker(ThreadPoolExecutor.java:1136)
	at java.base/java.util.concurrent.ThreadPoolExecutor$Worker.run(ThreadPoolExecutor.java:635)
	at java.base/java.lang.Thread.run(Thread.java:842)
Caused by: userdefinedExceptions.TestCaseOrFlagNotFoundException: Either Test Case Name is not matching or Flag is not set as Y
	at testdatareader.TestDataReader.checkTestDataFile(TestDataReader.java:139)
	at testdatareader.TestDataReader.readTestData(TestDataReader.java:64)
	at testRunnerFile.TestRunnerForVehicleInsurance.TestCase1(TestRunnerForVehicleInsurance.java:38)
	... 18 more
]]></failure>
    <system-err><![CDATA[SLF4J(W): No SLF4J providers were found.
SLF4J(W): Defaulting to no-operation (NOP) logger implementation
SLF4J(W): See https://www.slf4j.org/codes.html#noProviders for further details.
SLF4J(W): Class path contains SLF4J bindings targeting slf4j-api versions 1.7.x or earlier.
SLF4J(W): Ignoring binding found at [jar:file:/C:/Users/swaru/.m2/repository/org/slf4j/slf4j-log4j12/1.6.4/slf4j-log4j12-1.6.4.jar!/org/slf4j/impl/StaticLoggerBinder.class]
SLF4J(W): See https://www.slf4j.org/codes.html#ignoredBindings for an explanation.
]]></system-err>
  </testcase>
  <testcase name="TestCase4[org.testng.TestRunner@338ff484](1)" classname="testRunnerFile.TestRunnerForVehicleInsurance" time="0.908">
    <failure message="userdefinedExceptions.TestCaseOrFlagNotFoundException: Either Test Case Name is not matching or Flag is not set as Y" type="java.lang.RuntimeException"><![CDATA[java.lang.RuntimeException: userdefinedExceptions.TestCaseOrFlagNotFoundException: Either Test Case Name is not matching or Flag is not set as Y
	at testRunnerFile.TestRunnerForVehicleInsurance.TestCase4(TestRunnerForVehicleInsurance.java:186)
	at java.base/jdk.internal.reflect.NativeMethodAccessorImpl.invoke0(Native Method)
	at java.base/jdk.internal.reflect.NativeMethodAccessorImpl.invoke(NativeMethodAccessorImpl.java:77)
	at java.base/jdk.internal.reflect.DelegatingMethodAccessorImpl.invoke(DelegatingMethodAccessorImpl.java:43)
	at java.base/java.lang.reflect.Method.invoke(Method.java:568)
	at org.testng.internal.invokers.MethodInvocationHelper.invokeMethod(MethodInvocationHelper.java:141)
	at org.testng.internal.invokers.TestInvoker.invokeMethod(TestInvoker.java:686)
	at org.testng.internal.invokers.TestInvoker.invokeTestMethod(TestInvoker.java:230)
	at org.testng.internal.invokers.MethodRunner.runInSequence(MethodRunner.java:63)
	at org.testng.internal.invokers.TestInvoker$MethodInvocationAgent.invoke(TestInvoker.java:992)
	at org.testng.internal.invokers.TestInvoker.invokeTestMethods(TestInvoker.java:203)
	at org.testng.internal.invokers.TestMethodWorker.invokeTestMethods(TestMethodWorker.java:154)
	at org.testng.internal.invokers.TestMethodWorker.run(TestMethodWorker.java:134)
	at java.base/java.util.concurrent.Executors$RunnableAdapter.call(Executors.java:539)
	at java.base/java.util.concurrent.FutureTask.run(FutureTask.java:264)
	at org.testng.internal.thread.graph.TestNGFutureTask.run(TestNGFutureTask.java:22)
	at java.base/java.util.concurrent.ThreadPoolExecutor.runWorker(ThreadPoolExecutor.java:1136)
	at java.base/java.util.concurrent.ThreadPoolExecutor$Worker.run(ThreadPoolExecutor.java:635)
	at java.base/java.lang.Thread.run(Thread.java:842)
Caused by: userdefinedExceptions.TestCaseOrFlagNotFoundException: Either Test Case Name is not matching or Flag is not set as Y
	at testdatareader.TestDataReader.checkTestDataFile(TestDataReader.java:139)
	at testdatareader.TestDataReader.readTestData(TestDataReader.java:64)
	at testRunnerFile.TestRunnerForVehicleInsurance.TestCase4(TestRunnerForVehicleInsurance.java:184)
	... 18 more
]]></failure>
  </testcase>
  <testcase name="TestCase2[org.testng.TestRunner@338ff484](1)" classname="testRunnerFile.TestRunnerForVehicleInsurance" time="0.908">
    <failure message="userdefinedExceptions.TestCaseOrFlagNotFoundException: Either Test Case Name is not matching or Flag is not set as Y" type="java.lang.RuntimeException"><![CDATA[java.lang.RuntimeException: userdefinedExceptions.TestCaseOrFlagNotFoundException: Either Test Case Name is not matching or Flag is not set as Y
	at testRunnerFile.TestRunnerForVehicleInsurance.TestCase2(TestRunnerForVehicleInsurance.java:89)
	at java.base/jdk.internal.reflect.NativeMethodAccessorImpl.invoke0(Native Method)
	at java.base/jdk.internal.reflect.NativeMethodAccessorImpl.invoke(NativeMethodAccessorImpl.java:77)
	at java.base/jdk.internal.reflect.DelegatingMethodAccessorImpl.invoke(DelegatingMethodAccessorImpl.java:43)
	at java.base/java.lang.reflect.Method.invoke(Method.java:568)
	at org.testng.internal.invokers.MethodInvocationHelper.invokeMethod(MethodInvocationHelper.java:141)
	at org.testng.internal.invokers.TestInvoker.invokeMethod(TestInvoker.java:686)
	at org.testng.internal.invokers.TestInvoker.invokeTestMethod(TestInvoker.java:230)
	at org.testng.internal.invokers.MethodRunner.runInSequence(MethodRunner.java:63)
	at org.testng.internal.invokers.TestInvoker$MethodInvocationAgent.invoke(TestInvoker.java:992)
	at org.testng.internal.invokers.TestInvoker.invokeTestMethods(TestInvoker.java:203)
	at org.testng.internal.invokers.TestMethodWorker.invokeTestMethods(TestMethodWorker.java:154)
	at org.testng.internal.invokers.TestMethodWorker.run(TestMethodWorker.java:134)
	at java.base/java.util.concurrent.Executors$RunnableAdapter.call(Executors.java:539)
	at java.base/java.util.concurrent.FutureTask.run(FutureTask.java:264)
	at org.testng.internal.thread.graph.TestNGFutureTask.run(TestNGFutureTask.java:22)
	at java.base/java.util.concurrent.ThreadPoolExecutor.runWorker(ThreadPoolExecutor.java:1136)
	at java.base/java.util.concurrent.ThreadPoolExecutor$Worker.run(ThreadPoolExecutor.java:635)
	at java.base/java.lang.Thread.run(Thread.java:842)
Caused by: userdefinedExceptions.TestCaseOrFlagNotFoundException: Either Test Case Name is not matching or Flag is not set as Y
	at testdatareader.TestDataReader.checkTestDataFile(TestDataReader.java:139)
	at testdatareader.TestDataReader.readTestData(TestDataReader.java:64)
	at testRunnerFile.TestRunnerForVehicleInsurance.TestCase2(TestRunnerForVehicleInsurance.java:87)
	... 18 more
]]></failure>
  </testcase>
  <testcase name="TestCase3" classname="testRunnerFile.TestRunnerForVehicleInsurance" time="0.0">
    <skipped message="Method testRunnerFile.TestRunnerForVehicleInsurance.TestCase3() on instance testRunnerFile.TestRunnerForVehicleInsurance@8f4ea7c depends on not successfully finished methods &#10;[testRunnerFile.TestRunnerForVehicleInsurance.TestCase1() on instance testRunnerFile.TestRunnerForVehicleInsurance@8f4ea7c]"/>
  </testcase>
</testsuite>